<?xml version="1.0" encoding="UTF-8"?>
<!-- Generated by org.testng.reporters.JUnitReportReporter -->
<testsuite hostname="DESKTOP-LFAV158" failures="0" tests="1" name="testcases.TC_006_VerifyShoppingCartFunctionality" time="32.491" errors="0" timestamp="2025-01-10T12:29:52 IST" skipped="0">
  <testcase classname="testcases.TC_006_VerifyShoppingCartFunctionality" name="testShoppingCart" time="32.491"/>
</testsuite> <!-- testcases.TC_006_VerifyShoppingCartFunctionality -->
