<?xml version="1.0" encoding="UTF-8"?>
<!-- Generated by org.testng.reporters.JUnitReportReporter -->
<testsuite hostname="DESKTOP-LFAV158" failures="0" tests="1" name="testcases.TC_001VerifyAccountRegister" time="2.855" errors="0" timestamp="2024-12-27T10:31:22 IST" skipped="0">
  <testcase classname="testcases.TC_001VerifyAccountRegister" name="testRegister" time="2.855"/>
</testsuite> <!-- testcases.TC_001VerifyAccountRegister -->
