<?xml version="1.0" encoding="UTF-8"?>
<!-- Generated by org.testng.reporters.JUnitReportReporter -->
<testsuite hostname="DESKTOP-LFAV158" failures="0" tests="1" name="testcases.TC_004_SearchFunctionality" time="1.298" errors="0" timestamp="2025-01-01T10:48:56 IST" skipped="0">
  <testcase classname="testcases.TC_004_SearchFunctionality" name="testSearch" time="1.298"/>
</testsuite> <!-- testcases.TC_004_SearchFunctionality -->
