<?xml version="1.0" encoding="UTF-8"?>
<!-- Generated by org.testng.reporters.JUnitReportReporter -->
<testsuite hostname="DESKTOP-LFAV158" failures="0" tests="1" name="testcases.TC_005_AddToCartFunctionality" time="29.929" errors="0" timestamp="2025-01-10T11:15:42 IST" skipped="0">
  <testcase classname="testcases.TC_005_AddToCartFunctionality" name="testAddToCart" time="29.929"/>
</testsuite> <!-- testcases.TC_005_AddToCartFunctionality -->
