<?xml version="1.0" encoding="UTF-8"?>
<!-- Generated by org.testng.reporters.JUnitReportReporter -->
<testsuite hostname="DESKTOP-LFAV158" failures="0" tests="1" name="testcases.TC_001RegisterAccountTest" time="2.971" errors="0" timestamp="2024-12-28T22:19:53 IST" skipped="0">
  <testcase classname="testcases.TC_001RegisterAccountTest" name="testRegister" time="2.971"/>
</testsuite> <!-- testcases.TC_001RegisterAccountTest -->
