<?xml version="1.0" encoding="UTF-8"?>
<!-- Generated by org.testng.reporters.JUnitReportReporter -->
<testsuite hostname="DESKTOP-LFAV158" failures="0" tests="1" name="testcases.TC_002LoginTest" time="2.267" errors="0" timestamp="2024-12-28T20:00:08 IST" skipped="0">
  <testcase classname="testcases.TC_002LoginTest" name="testLogin" time="2.267"/>
</testsuite> <!-- testcases.TC_002LoginTest -->
